4c968ec9-6fce-4c55-8ba2-01460ae85473
dfba4540-8384-4dba-8632-4399696ff252
710e2014-f80c-4c0d-bc30-318268f602ac
0d3e604a-2039-40e4-b11a-17e842516416
0bc711a2-ce9f-48ec-a799-459e83995204
bcde1bf4-64cb-4068-b29f-2991a8d7777c
d461859d-be58-485d-ad1f-4509fa43ded3
5d277b3c-b1d3-4c21-9db8-0151934fc128
b04b6ba0-3692-47ba-93ff-50ef8f39a2c3
d3965af8-3392-41ac-8479-78eebd895622
7aca3a35-fe8d-4d65-8fb9-b815145cc90d
eba036a4-2a92-49ce-b9c8-bda1c42e18e2
5d70bfbb-cd7e-4061-9541-1fba3cad3212
60ac1dfd-e00e-481e-8a4a-f402048dfad4
08255e56-2f21-434e-837d-a2c03bafe6a0
3b4e2c3e-9719-4dbb-8113-21b569b04c96
16c3fd56-4cf0-4a91-856b-80bbf261762e
7af448a5-7e7d-458b-8f15-85ebf6d2847f
607a3c90-cd33-443e-ba91-c2e97707341d
1587723e-cb25-4020-95b1-bfd25ce1977a
804e794f-4b58-4b05-9be5-36b3e598c599
f673748b-11b0-40a0-a5b3-432e52ee2140
c95c1627-ebf5-46cd-82bf-df3aad2068b1
27d101a4-42bc-4fce-85e2-7c54931e2a2e
71bc2144-adbe-4d3e-8850-171c32022b9d
b35f74c5-c82e-4622-9947-8791678a5fcf
33643163-9451-4d29-b947-afff56879160
da14a896-d794-4cb0-b555-86a447865842
99586c84-6023-46d6-817b-5096d66ad484
1660e06e-576f-42be-b6e6-06b3a34b66ec
abe03105-7823-4f24-8ce2-e5f86e9ba534
2bb5350b-4c34-4013-87ce-d19bd8f5575f
328c01d2-495b-4561-9f13-ea30647f1db5
4f4952e4-a656-4710-bf47-cbf3a59c2de9
5ff015e0-116b-40a6-b7cd-79b6a3a2d832
50000641-fee8-4bf1-9fac-3fe5f443af75
a58127c5-14f5-4750-9440-1c5c33e3db39
99a09d92-4690-4971-a099-bfe428cbc402
06c09a23-8e14-4815-b0e4-ef394b72f247
02c30810-6b24-4af9-96eb-33c489ee90bc
065f288a-f4aa-49ea-a2cf-2fb2dde78871
f52ea401-3856-4192-bc0f-95b92af4767c
cc644154-1592-44c2-81c4-5ba88ce87354
5a93e305-b544-4d31-9491-7b50bed4a586
028a11a4-c74a-4ded-8a4d-452076def73d
17616f41-5c61-46c5-884d-063faff99e04
6468f4a9-b736-4f67-bb87-51e6519f09d1
118e433f-5fec-4866-8af3-09a440892696
93a1b79e-5f7a-4aa5-ba13-983a8d6e2107
4247313f-2d93-43e8-a78d-ec3a644f0cce
38caacff-85a1-46f0-965b-6877e8b0bdf5
5e5be19b-6eae-4f8c-9f46-f06655901f0f
0a5b217e-2029-49c9-8400-22bcd518463b
f8038ccf-4975-43b1-84b9-75f96085bb04
45b6bf35-1acb-46b6-ab00-2978e9ed5025
244341e7-be05-4fea-8b9b-4fa59d860035
991ddee8-0d2a-4a73-9395-47ae758ec178
5330554e-53d7-43ac-a1cc-b8e15b93dfc0
a9a362dc-184d-4739-a2a1-4488fc42f49c
c731846d-85ac-4b8f-bc19-d2740621638c
83f2f006-eabc-47c7-af79-cbed995585bc
bfe0f114-11c5-4cc4-ab4d-ec4238ffb08a
6009eaff-a957-4574-8e37-3145d6a0b1e7
9016be19-8132-4894-ab35-90bf0425f4d7
962747c6-feda-4e22-aab5-af403a091081
f5c06f60-1d31-4e1f-9d06-59abdef505fe
090ea694-8bbc-4c0b-bcae-faba6b533580
3ad19254-b67d-4fac-9cc2-1db4b2536141
a812bce6-5c78-4c5e-b5ba-626bab91fe24
50d4033d-45a7-47d1-af60-af60084831cc
13fd0d33-b001-42e3-a156-59140c209eab
ec88126e-fc0f-4120-b559-ddbca66431e1
77e999bf-485f-49af-8a52-9f186743d2c6
6a962654-72c6-4130-ba48-83e65042d66f
934646fc-aaeb-4b47-9aa2-a017662efc11
9194e20b-029e-4e9e-97f9-37b1c8350128
05ee7d5c-298a-4bc3-9bc1-9c05613cecac
fbf7e5bd-028f-4eaf-8f92-b733135a5bcb
68cf131c-75c7-4244-9e3a-d88b758dc6ac
d64f2e10-afea-4077-9ed8-28ed33f6641d
655a7317-88c9-4a95-b413-6b6c8478e82b
84946c64-55da-40fd-819b-4352e0e83776
e4ec0b5c-84ac-42c2-91ab-542a48e939e4
39c1ae0e-57e3-4a70-a8d1-8b1109bedfe8
044812e9-e459-4d2c-a25a-7c576efc09e5
4ea88dab-3b85-4c64-b2f6-17423cd5e5c1
132bbfdf-fef6-443b-a35f-25e52e97bb36
83d1f84f-d78b-4e57-9985-fd39db18781f
75d5dbe5-95f7-4593-b9dc-eaac23c0d324
f1096df9-999f-4277-a63e-842eab3143d3
4ea6f8d3-1672-41ec-bbb3-b3279e88bc8b
939a6362-820c-4930-8f73-99531068a842
e466d650-d40f-44ed-9a25-90fbba4afd77
0c0f74a9-e731-4931-8578-4c06f104b9c5
c70a86c1-2091-4d7b-bba2-66fa22a80438
82898b9f-1de8-4d3f-b654-f0fe3cce58b4
3ea9289e-e3a9-4a0e-915e-387455939d51
15d9669d-13e7-4a8f-835c-3cdc31fe47db
2e7e5050-5694-476c-8727-e68de3077e1b
a6b9eb91-2da5-4fd4-9ef3-d794dc59c895
e2f5c705-a2c3-4710-98a7-82413d2097dd
541121dd-6f99-43a9-a215-6307bcdf7536
78bd7078-4f3d-4bb9-9dcc-aa96c01d24d5
bd3826c5-4b71-4d85-b74f-2af67d8166cf
183d7c20-41da-483a-8716-bd23af4b4136
aedd1109-8dff-4ea2-b408-b94b1b1adcf1
02a3c9ef-8611-41f3-b729-aa889658eeac
487fec5e-48b1-4419-85b8-02c49b633ec9
c1b3132b-e160-4a44-b7bd-466622038047
42274cbf-f2af-4c23-96dc-3a3e2dc32c58
e4e6d815-8c55-4227-bc88-fe60466ab867
90c5d078-d39d-4840-93f3-471ea41a7ac5
f026e58f-1090-426f-b3cb-7f27ad19a6ce
9c2a60fe-7d0f-4eba-8641-d710c507ea7c
97c5d465-2b63-48c6-a97b-191487ab3148
606a75c3-aec4-48fb-a025-9d14b5b074a5
c979fde6-f364-4765-b80c-34ba56323e13
0347e47f-5cdc-4791-af92-2dfbbbfafb4b
ed902203-27cf-4549-b315-4c87dc1e4b4a
03bd13e5-72b9-491e-8ffd-d7361a38bf80
bd7697ac-c5e1-4874-b43f-e57d2b43d839
ec1c01a5-4c69-4557-90c0-5a314722d170
5cb883b0-c88a-4531-9075-0b8494885aaa
8f12bcd7-146f-4cc8-a0b0-9770bd516c8c
e0dcc5ef-d7a8-41dc-a356-0c9f894a2f3b
35ce3883-8d8f-48c5-8aab-abd57affefa4
5dff047f-7781-430b-aff9-cebee8dc5b5a
84d65189-97f9-4a04-ad57-5bafc99fcab8
ea8f2c37-90b6-4fee-857e-984d3060184e
cf1a4c53-9e31-46e7-9eb3-247ef35ee1f9
7d226eef-b7bc-4f44-8828-13b70e33dd1d
c38247aa-d704-4a2b-bd31-fe8bc7600744
48c2bc61-72c8-401a-a8f7-207710f7b0cc
fad1939d-7a76-4601-9953-8cded5eef8eb
6bac7d85-195c-4c82-9076-9d3cd00dafee
3381cddb-9840-4fef-a238-bf33988dc886
c1098bde-6db6-4701-a887-790a68ac252d
6f5a843e-fe95-4cb0-8f66-6d3a974b4193
7d226eef-b7bc-4f44-8828-13b70e33dd1d
0068382d-aa2e-4f3c-bc6b-532d45d9be68
f01123e6-9f8f-4828-b29e-c4a4f2cc66e5
a941f632-8d41-44e5-b34b-b48fe26b1db6
252965f2-c172-4e2a-9410-3a89f7e9a812
249688da-769c-49dc-b0b9-449b8e0666db
0abc785b-ee3d-47a2-9e40-64a3e14b8cd1
cf1a4c53-9e31-46e7-9eb3-247ef35ee1f9
a6b28655-0113-425b-bce7-98a40827934e
b8df23da-1925-4a9a-99bc-3f99da83b2c2
b4923752-866a-4e3c-aabb-3b890c783c5a
48c2bc61-72c8-401a-a8f7-207710f7b0cc
6bac7d85-195c-4c82-9076-9d3cd00dafee
0f1f9599-5057-40d5-b003-8761e85bccc1
7fc7e06a-7a08-4817-89bc-cf34028aea56
c5e17aa1-ad5f-420b-9bb0-5b9149d5f143
8f33a2d6-1d7a-43e4-b9ff-a807edf42fb9
f9fd2459-a3c3-4f78-8ba5-094b2c7f979b
97db796e-4987-466e-aacf-da26ff55911f
0b3f8d2d-04a3-443b-990f-6ac8853ebf3a
5a04872f-c7c0-4c9f-a91c-0c0d590be32e
4cd92d24-05a3-4a5e-bb73-589a840d0af4
71559246-966d-44bf-89ff-33a2dc25cac4
6b90831e-d207-446e-bf67-1c0e0670c949
4d7eb3ab-c2f3-4b24-8324-4d5294c883a7
53754205-1329-41f1-a205-4b462e6a11e5
20502beb-0349-4899-96b5-757fd97a2b12
528b9df5-f583-4851-9306-f32806c1689b
1cdcc939-5aff-45dc-8a5a-8ac17f5f2ab2
8ddc1e3d-2b49-4e3d-a802-1d547f7e30f8
ac92b054-1602-4f21-a0d6-1a5e75270454
196ad7e2-9f7c-4d56-9795-5d7000cd13da
ae1cc823-983c-40eb-8ec9-d19ccbd31bad
af3dfb7d-09eb-4ac6-aae5-f839834ea249
0ccdc12b-581a-4a0d-84b1-0a92d3cea67f
1cfd8ff3-6d75-404c-a438-2fa7b2b58b20
daffe8d4-70d1-4976-8467-ca1dabcd6e41
fc9a6a17-cf0a-4514-901f-95ad1f19fad7
